# JRE version: OpenJDK Runtime Environment Temurin-17.0.5+8 (17.0.5+8) (build 17.0.5+8)
# Java VM: OpenJDK 64-Bit Server VM Temurin-17.0.5+8 (17.0.5+8, mixed mode, emulated-client, tiered, compressed oops, compressed class ptrs, g1 gc, windows-amd64)
GC Precious Log:
 CPUs: 4 total, 4 available
 Memory: 10186M
 Large Page Support: Disabled
 NUMA Support: Disabled
 Compressed Oops: Enabled (Zero based)
 Heap Region Size: 2M
 Heap Min Capacity: 8M
 Heap Initial Capacity: 160M
 Heap Max Capacity: 2548M
 Pre-touch: Disabled
 Parallel Workers: 4
 Concurrent Workers: 1
 Concurrent Refinement Workers: 4
 Periodic GC: Disabled
Heap:
 garbage-first heap   total 67584K, used 47289K [0x0000000760c00000, 0x0000000800000000)
  region size 2048K, 12 young (24576K), 2 survivors (4096K)
 Metaspace       used 45742K, committed 46272K, reserved 1089536K
  class space    used 5931K, committed 6208K, reserved 1048576K
GC Heap History (20 events):
Event: 2.364 GC heap before
{Heap before GC invocations=5 (full 0):
 garbage-first heap   total 55296K, used 38808K [0x0000000760c00000, 0x0000000800000000)
  region size 2048K, 17 young (34816K), 3 survivors (6144K)
 Metaspace       used 26801K, committed 27072K, reserved 1073152K
  class space    used 3168K, committed 3264K, reserved 1048576K
}
Event: 2.372 GC heap after
{Heap after GC invocations=6 (full 0):
 garbage-first heap   total 55296K, used 13700K [0x0000000760c00000, 0x0000000800000000)
  region size 2048K, 3 young (6144K), 3 survivors (6144K)
 Metaspace       used 26801K, committed 27072K, reserved 1073152K
  class space    used 3168K, committed 3264K, reserved 1048576K
}
Event: 2.481 GC heap before
{Heap before GC invocations=6 (full 0):
 garbage-first heap   total 55296K, used 15748K [0x0000000760c00000, 0x0000000800000000)
  region size 2048K, 4 young (8192K), 3 survivors (6144K)
 Metaspace       used 27031K, committed 27328K, reserved 1073152K
  class space    used 3203K, committed 3328K, reserved 1048576K
}
Event: 2.486 GC heap after
{Heap after GC invocations=7 (full 0):
 garbage-first heap   total 55296K, used 13654K [0x0000000760c00000, 0x0000000800000000)
  region size 2048K, 1 young (2048K), 1 survivors (2048K)
 Metaspace       used 27031K, committed 27328K, reserved 1073152K
  class space    used 3203K, committed 3328K, reserved 1048576K
}
Event: 3.236 GC heap before
{Heap before GC invocations=7 (full 0):
 garbage-first heap   total 55296K, used 32086K [0x0000000760c00000, 0x0000000800000000)
  region size 2048K, 10 young (20480K), 1 survivors (2048K)
 Metaspace       used 29714K, committed 30144K, reserved 1081344K
  class space    used 3599K, committed 3776K, reserved 1048576K
}
Event: 3.239 GC heap after
{Heap after GC invocations=8 (full 0):
 garbage-first heap   total 55296K, used 14361K [0x0000000760c00000, 0x0000000800000000)
  region size 2048K, 1 young (2048K), 1 survivors (2048K)
 Metaspace       used 29714K, committed 30144K, reserved 1081344K
  class space    used 3599K, committed 3776K, reserved 1048576K
}
Event: 3.839 GC heap before
{Heap before GC invocations=8 (full 0):
 garbage-first heap   total 55296K, used 34841K [0x0000000760c00000, 0x0000000800000000)
  region size 2048K, 11 young (22528K), 1 survivors (2048K)
 Metaspace       used 31157K, committed 31552K, reserved 1081344K
  class space    used 3787K, committed 3968K, reserved 1048576K
}
Event: 3.845 GC heap after
{Heap after GC invocations=9 (full 0):
 garbage-first heap   total 55296K, used 15508K [0x0000000760c00000, 0x0000000800000000)
  region size 2048K, 2 young (4096K), 2 survivors (4096K)
 Metaspace       used 31157K, committed 31552K, reserved 1081344K
  class space    used 3787K, committed 3968K, reserved 1048576K
}
Event: 4.996 GC heap before
{Heap before GC invocations=9 (full 0):
 garbage-first heap   total 55296K, used 35988K [0x0000000760c00000, 0x0000000800000000)
  region size 2048K, 12 young (24576K), 2 survivors (4096K)
 Metaspace       used 32381K, committed 32768K, reserved 1081344K
  class space    used 3941K, committed 4160K, reserved 1048576K
}
Event: 5.002 GC heap after
{Heap after GC invocations=10 (full 0):
 garbage-first heap   total 67584K, used 17328K [0x0000000760c00000, 0x0000000800000000)
  region size 2048K, 2 young (4096K), 2 survivors (4096K)
 Metaspace       used 32381K, committed 32768K, reserved 1081344K
  class space    used 3941K, committed 4160K, reserved 1048576K
}
Event: 7.074 GC heap before
{Heap before GC invocations=10 (full 0):
 garbage-first heap   total 67584K, used 48048K [0x0000000760c00000, 0x0000000800000000)
  region size 2048K, 17 young (34816K), 2 survivors (4096K)
 Metaspace       used 34181K, committed 34560K, reserved 1081344K
  class space    used 4231K, committed 4416K, reserved 1048576K
}
Event: 7.080 GC heap after
{Heap after GC invocations=11 (full 0):
 garbage-first heap   total 67584K, used 18694K [0x0000000760c00000, 0x0000000800000000)
  region size 2048K, 3 young (6144K), 3 survivors (6144K)
 Metaspace       used 34181K, committed 34560K, reserved 1081344K
  class space    used 4231K, committed 4416K, reserved 1048576K
}
Event: 8.472 GC heap before
{Heap before GC invocations=11 (full 0):
 garbage-first heap   total 67584K, used 30982K [0x0000000760c00000, 0x0000000800000000)
  region size 2048K, 10 young (20480K), 3 survivors (6144K)
 Metaspace       used 35721K, committed 36096K, reserved 1081344K
  class space    used 4524K, committed 4736K, reserved 1048576K
}
Event: 8.479 GC heap after
{Heap after GC invocations=12 (full 0):
 garbage-first heap   total 67584K, used 19416K [0x0000000760c00000, 0x0000000800000000)
  region size 2048K, 2 young (4096K), 2 survivors (4096K)
 Metaspace       used 35721K, committed 36096K, reserved 1081344K
  class space    used 4524K, committed 4736K, reserved 1048576K
}
Event: 10.114 GC heap before
{Heap before GC invocations=13 (full 0):
 garbage-first heap   total 67584K, used 50136K [0x0000000760c00000, 0x0000000800000000)
  region size 2048K, 17 young (34816K), 2 survivors (4096K)
 Metaspace       used 38755K, committed 39168K, reserved 1089536K
  class space    used 5066K, committed 5248K, reserved 1048576K
}
Event: 10.122 GC heap after
{Heap after GC invocations=14 (full 0):
 garbage-first heap   total 67584K, used 21567K [0x0000000760c00000, 0x0000000800000000)
  region size 2048K, 3 young (6144K), 3 survivors (6144K)
 Metaspace       used 38755K, committed 39168K, reserved 1089536K
  class space    used 5066K, committed 5248K, reserved 1048576K
}
Event: 11.581 GC heap before
{Heap before GC invocations=14 (full 0):
 garbage-first heap   total 67584K, used 50239K [0x0000000760c00000, 0x0000000800000000)
  region size 2048K, 17 young (34816K), 3 survivors (6144K)
 Metaspace       used 42864K, committed 43328K, reserved 1089536K
  class space    used 5598K, committed 5824K, reserved 1048576K
}
Event: 11.593 GC heap after
{Heap after GC invocations=15 (full 0):
 garbage-first heap   total 67584K, used 25681K [0x0000000760c00000, 0x0000000800000000)
  region size 2048K, 3 young (6144K), 3 survivors (6144K)
 Metaspace       used 42864K, committed 43328K, reserved 1089536K
  class space    used 5598K, committed 5824K, reserved 1048576K
}
Event: 12.144 GC heap before
{Heap before GC invocations=15 (full 0):
 garbage-first heap   total 67584K, used 48209K [0x0000000760c00000, 0x0000000800000000)
  region size 2048K, 15 young (30720K), 3 survivors (6144K)
 Metaspace       used 43455K, committed 43904K, reserved 1089536K
  class space    used 5657K, committed 5888K, reserved 1048576K
}
Event: 12.156 GC heap after
{Heap after GC invocations=16 (full 0):
 garbage-first heap   total 67584K, used 28857K [0x0000000760c00000, 0x0000000800000000)
  region size 2048K, 2 young (4096K), 2 survivors (4096K)
 Metaspace       used 43455K, committed 43904K, reserved 1089536K
  class space    used 5657K, committed 5888K, reserved 1048576K
}

