# JRE version: OpenJDK Runtime Environment Temurin-17.0.5+8 (17.0.5+8) (build 17.0.5+8)
# Java VM: OpenJDK 64-Bit Server VM Temurin-17.0.5+8 (17.0.5+8, mixed mode, emulated-client, tiered, compressed oops, compressed class ptrs, g1 gc, windows-amd64)
GC Precious Log:
 CPUs: 4 total, 4 available
 Memory: 10186M
 Large Page Support: Disabled
 NUMA Support: Disabled
 Compressed Oops: Enabled (Zero based)
 Heap Region Size: 2M
 Heap Min Capacity: 8M
 Heap Initial Capacity: 160M
 Heap Max Capacity: 2548M
 Pre-touch: Disabled
 Parallel Workers: 4
 Concurrent Workers: 1
 Concurrent Refinement Workers: 4
 Periodic GC: Disabled
Heap:
 garbage-first heap   total 163840K, used 45901K [0x0000000760c00000, 0x0000000800000000)
  region size 2048K, 1 young (2048K), 1 survivors (2048K)
 Metaspace       used 83006K, committed 83584K, reserved 1122304K
  class space    used 11307K, committed 11584K, reserved 1048576K
GC Heap History (20 events):
Event: 9.275 GC heap after
{Heap after GC invocations=19 (full 0):
 garbage-first heap   total 110592K, used 30415K [0x0000000760c00000, 0x0000000800000000)
  region size 2048K, 4 young (8192K), 4 survivors (8192K)
 Metaspace       used 47343K, committed 47808K, reserved 1097728K
  class space    used 6061K, committed 6272K, reserved 1048576K
}
Event: 10.065 GC heap before
{Heap before GC invocations=19 (full 0):
 garbage-first heap   total 110592K, used 85711K [0x0000000760c00000, 0x0000000800000000)
  region size 2048K, 31 young (63488K), 4 survivors (8192K)
 Metaspace       used 54260K, committed 54720K, reserved 1097728K
  class space    used 6926K, committed 7168K, reserved 1048576K
}
Event: 10.073 GC heap after
{Heap after GC invocations=20 (full 0):
 garbage-first heap   total 110592K, used 33451K [0x0000000760c00000, 0x0000000800000000)
  region size 2048K, 2 young (4096K), 2 survivors (4096K)
 Metaspace       used 54260K, committed 54720K, reserved 1097728K
  class space    used 6926K, committed 7168K, reserved 1048576K
}
Event: 10.582 GC heap before
{Heap before GC invocations=20 (full 0):
 garbage-first heap   total 110592K, used 84651K [0x0000000760c00000, 0x0000000800000000)
  region size 2048K, 28 young (57344K), 2 survivors (4096K)
 Metaspace       used 58364K, committed 58880K, reserved 1105920K
  class space    used 7562K, committed 7808K, reserved 1048576K
}
Event: 10.587 GC heap after
{Heap after GC invocations=21 (full 0):
 garbage-first heap   total 110592K, used 33756K [0x0000000760c00000, 0x0000000800000000)
  region size 2048K, 2 young (4096K), 2 survivors (4096K)
 Metaspace       used 58364K, committed 58880K, reserved 1105920K
  class space    used 7562K, committed 7808K, reserved 1048576K
}
Event: 10.752 GC heap before
{Heap before GC invocations=21 (full 0):
 garbage-first heap   total 110592K, used 48092K [0x0000000760c00000, 0x0000000800000000)
  region size 2048K, 10 young (20480K), 2 survivors (4096K)
 Metaspace       used 59665K, committed 60096K, reserved 1105920K
  class space    used 7778K, committed 8000K, reserved 1048576K
}
Event: 10.757 GC heap after
{Heap after GC invocations=22 (full 0):
 garbage-first heap   total 110592K, used 33849K [0x0000000760c00000, 0x0000000800000000)
  region size 2048K, 2 young (4096K), 2 survivors (4096K)
 Metaspace       used 59665K, committed 60096K, reserved 1105920K
  class space    used 7778K, committed 8000K, reserved 1048576K
}
Event: 11.309 GC heap before
{Heap before GC invocations=23 (full 0):
 garbage-first heap   total 110592K, used 89145K [0x0000000760c00000, 0x0000000800000000)
  region size 2048K, 29 young (59392K), 2 survivors (4096K)
 Metaspace       used 64171K, committed 64640K, reserved 1105920K
  class space    used 8406K, committed 8640K, reserved 1048576K
}
Event: 11.314 GC heap after
{Heap after GC invocations=24 (full 0):
 garbage-first heap   total 110592K, used 34862K [0x0000000760c00000, 0x0000000800000000)
  region size 2048K, 3 young (6144K), 3 survivors (6144K)
 Metaspace       used 64171K, committed 64640K, reserved 1105920K
  class space    used 8406K, committed 8640K, reserved 1048576K
}
Event: 11.335 GC heap before
{Heap before GC invocations=24 (full 0):
 garbage-first heap   total 110592K, used 34862K [0x0000000760c00000, 0x0000000800000000)
  region size 2048K, 4 young (8192K), 3 survivors (6144K)
 Metaspace       used 64335K, committed 64832K, reserved 1105920K
  class space    used 8428K, committed 8640K, reserved 1048576K
}
Event: 11.343 GC heap after
{Heap after GC invocations=25 (full 0):
 garbage-first heap   total 133120K, used 34618K [0x0000000760c00000, 0x0000000800000000)
  region size 2048K, 1 young (2048K), 1 survivors (2048K)
 Metaspace       used 64335K, committed 64832K, reserved 1105920K
  class space    used 8428K, committed 8640K, reserved 1048576K
}
Event: 12.081 GC heap before
{Heap before GC invocations=25 (full 0):
 garbage-first heap   total 133120K, used 106298K [0x0000000760c00000, 0x0000000800000000)
  region size 2048K, 36 young (73728K), 1 survivors (2048K)
 Metaspace       used 70858K, committed 71360K, reserved 1114112K
  class space    used 9543K, committed 9792K, reserved 1048576K
}
Event: 12.085 GC heap after
{Heap after GC invocations=26 (full 0):
 garbage-first heap   total 133120K, used 35082K [0x0000000760c00000, 0x0000000800000000)
  region size 2048K, 1 young (2048K), 1 survivors (2048K)
 Metaspace       used 70858K, committed 71360K, reserved 1114112K
  class space    used 9543K, committed 9792K, reserved 1048576K
}
Event: 13.119 GC heap before
{Heap before GC invocations=27 (full 0):
 garbage-first heap   total 133120K, used 108810K [0x0000000760c00000, 0x0000000800000000)
  region size 2048K, 37 young (75776K), 1 survivors (2048K)
 Metaspace       used 75926K, committed 76544K, reserved 1122304K
  class space    used 10317K, committed 10624K, reserved 1048576K
}
Event: 13.128 GC heap after
{Heap after GC invocations=28 (full 0):
 garbage-first heap   total 133120K, used 39285K [0x0000000760c00000, 0x0000000800000000)
  region size 2048K, 3 young (6144K), 3 survivors (6144K)
 Metaspace       used 75926K, committed 76544K, reserved 1122304K
  class space    used 10317K, committed 10624K, reserved 1048576K
}
Event: 13.706 GC heap before
{Heap before GC invocations=28 (full 0):
 garbage-first heap   total 133120K, used 106869K [0x0000000760c00000, 0x0000000800000000)
  region size 2048K, 36 young (73728K), 3 survivors (6144K)
 Metaspace       used 79260K, committed 79808K, reserved 1122304K
  class space    used 10790K, committed 11072K, reserved 1048576K
}
Event: 13.715 GC heap after
{Heap after GC invocations=29 (full 0):
 garbage-first heap   total 133120K, used 41715K [0x0000000760c00000, 0x0000000800000000)
  region size 2048K, 4 young (8192K), 4 survivors (8192K)
 Metaspace       used 79260K, committed 79808K, reserved 1122304K
  class space    used 10790K, committed 11072K, reserved 1048576K
}
Event: 14.459 GC heap before
{Heap before GC invocations=29 (full 0):
 garbage-first heap   total 133120K, used 107251K [0x0000000760c00000, 0x0000000800000000)
  region size 2048K, 36 young (73728K), 4 survivors (8192K)
 Metaspace       used 82910K, committed 83520K, reserved 1122304K
  class space    used 11294K, committed 11584K, reserved 1048576K
}
Event: 14.472 GC heap after
{Heap after GC invocations=30 (full 0):
 garbage-first heap   total 133120K, used 48028K [0x0000000760c00000, 0x0000000800000000)
  region size 2048K, 5 young (10240K), 5 survivors (10240K)
 Metaspace       used 82910K, committed 83520K, reserved 1122304K
  class space    used 11294K, committed 11584K, reserved 1048576K
}
Event: 14.750 GC heap before
{Heap before GC invocations=30 (full 0):
 garbage-first heap   total 133120K, used 101276K [0x0000000760c00000, 0x0000000800000000)
  region size 2048K, 32 young (65536K), 5 survivors (10240K)
 Metaspace       used 83006K, committed 83584K, reserved 1122304K
  class space    used 11307K, committed 11584K, reserved 1048576K
}

