# JRE version: OpenJDK Runtime Environment Temurin-17.0.5+8 (17.0.5+8) (build 17.0.5+8)
# Java VM: OpenJDK 64-Bit Server VM Temurin-17.0.5+8 (17.0.5+8, mixed mode, emulated-client, tiered, compressed oops, compressed class ptrs, g1 gc, windows-amd64)
GC Precious Log:
 CPUs: 4 total, 4 available
 Memory: 10186M
 Large Page Support: Disabled
 NUMA Support: Disabled
 Compressed Oops: Enabled (Zero based)
 Heap Region Size: 2M
 Heap Min Capacity: 8M
 Heap Initial Capacity: 160M
 Heap Max Capacity: 2548M
 Pre-touch: Disabled
 Parallel Workers: 4
 Concurrent Workers: 1
 Concurrent Refinement Workers: 4
 Periodic GC: Disabled
Heap:
 garbage-first heap   total 163840K, used 50111K [0x0000000760c00000, 0x0000000800000000)
  region size 2048K, 5 young (10240K), 5 survivors (10240K)
 Metaspace       used 82864K, committed 83520K, reserved 1122304K
  class space    used 11298K, committed 11584K, reserved 1048576K
GC Heap History (20 events):
Event: 9.056 GC heap after
{Heap after GC invocations=18 (full 0):
 garbage-first heap   total 81920K, used 24575K [0x0000000760c00000, 0x0000000800000000)
  region size 2048K, 3 young (6144K), 3 survivors (6144K)
 Metaspace       used 43485K, committed 43968K, reserved 1089536K
  class space    used 5608K, committed 5824K, reserved 1048576K
}
Event: 9.351 GC heap before
{Heap before GC invocations=18 (full 0):
 garbage-first heap   total 81920K, used 63487K [0x0000000760c00000, 0x0000000800000000)
  region size 2048K, 23 young (47104K), 3 survivors (6144K)
 Metaspace       used 44804K, committed 45312K, reserved 1089536K
  class space    used 5749K, committed 6016K, reserved 1048576K
}
Event: 9.361 GC heap after
{Heap after GC invocations=19 (full 0):
 garbage-first heap   total 81920K, used 28552K [0x0000000760c00000, 0x0000000800000000)
  region size 2048K, 3 young (6144K), 3 survivors (6144K)
 Metaspace       used 44804K, committed 45312K, reserved 1089536K
  class space    used 5749K, committed 6016K, reserved 1048576K
}
Event: 9.763 GC heap before
{Heap before GC invocations=19 (full 0):
 garbage-first heap   total 81920K, used 65416K [0x0000000760c00000, 0x0000000800000000)
  region size 2048K, 21 young (43008K), 3 survivors (6144K)
 Metaspace       used 47221K, committed 47744K, reserved 1097728K
  class space    used 6043K, committed 6272K, reserved 1048576K
}
Event: 9.772 GC heap after
{Heap after GC invocations=20 (full 0):
 garbage-first heap   total 133120K, used 30635K [0x0000000760c00000, 0x0000000800000000)
  region size 2048K, 1 young (2048K), 1 survivors (2048K)
 Metaspace       used 47221K, committed 47744K, reserved 1097728K
  class space    used 6043K, committed 6272K, reserved 1048576K
}
Event: 10.790 GC heap before
{Heap before GC invocations=20 (full 0):
 garbage-first heap   total 133120K, used 106411K [0x0000000760c00000, 0x0000000800000000)
  region size 2048K, 38 young (77824K), 1 survivors (2048K)
 Metaspace       used 55570K, committed 56128K, reserved 1105920K
  class space    used 7120K, committed 7360K, reserved 1048576K
}
Event: 10.796 GC heap after
{Heap after GC invocations=21 (full 0):
 garbage-first heap   total 133120K, used 33176K [0x0000000760c00000, 0x0000000800000000)
  region size 2048K, 3 young (6144K), 3 survivors (6144K)
 Metaspace       used 55570K, committed 56128K, reserved 1105920K
  class space    used 7120K, committed 7360K, reserved 1048576K
}
Event: 11.302 GC heap before
{Heap before GC invocations=21 (full 0):
 garbage-first heap   total 133120K, used 82328K [0x0000000760c00000, 0x0000000800000000)
  region size 2048K, 28 young (57344K), 3 survivors (6144K)
 Metaspace       used 59668K, committed 60160K, reserved 1105920K
  class space    used 7780K, committed 8000K, reserved 1048576K
}
Event: 11.309 GC heap after
{Heap after GC invocations=22 (full 0):
 garbage-first heap   total 133120K, used 34030K [0x0000000760c00000, 0x0000000800000000)
  region size 2048K, 3 young (6144K), 3 survivors (6144K)
 Metaspace       used 59668K, committed 60160K, reserved 1105920K
  class space    used 7780K, committed 8000K, reserved 1048576K
}
Event: 12.014 GC heap before
{Heap before GC invocations=23 (full 0):
 garbage-first heap   total 133120K, used 107758K [0x0000000760c00000, 0x0000000800000000)
  region size 2048K, 39 young (79872K), 3 survivors (6144K)
 Metaspace       used 66267K, committed 66752K, reserved 1114112K
  class space    used 8818K, committed 9024K, reserved 1048576K
}
Event: 12.021 GC heap after
{Heap after GC invocations=24 (full 0):
 garbage-first heap   total 133120K, used 35432K [0x0000000760c00000, 0x0000000800000000)
  region size 2048K, 4 young (8192K), 4 survivors (8192K)
 Metaspace       used 66267K, committed 66752K, reserved 1114112K
  class space    used 8818K, committed 9024K, reserved 1048576K
}
Event: 12.042 GC heap before
{Heap before GC invocations=24 (full 0):
 garbage-first heap   total 133120K, used 37480K [0x0000000760c00000, 0x0000000800000000)
  region size 2048K, 5 young (10240K), 4 survivors (8192K)
 Metaspace       used 66500K, committed 66944K, reserved 1114112K
  class space    used 8823K, committed 9024K, reserved 1048576K
}
Event: 12.050 GC heap after
{Heap after GC invocations=25 (full 0):
 garbage-first heap   total 133120K, used 35448K [0x0000000760c00000, 0x0000000800000000)
  region size 2048K, 1 young (2048K), 1 survivors (2048K)
 Metaspace       used 66500K, committed 66944K, reserved 1114112K
  class space    used 8823K, committed 9024K, reserved 1048576K
}
Event: 12.825 GC heap before
{Heap before GC invocations=25 (full 0):
 garbage-first heap   total 133120K, used 109176K [0x0000000760c00000, 0x0000000800000000)
  region size 2048K, 37 young (75776K), 1 survivors (2048K)
 Metaspace       used 72770K, committed 73344K, reserved 1114112K
  class space    used 9837K, committed 10112K, reserved 1048576K
}
Event: 12.828 GC heap after
{Heap after GC invocations=26 (full 0):
 garbage-first heap   total 133120K, used 35402K [0x0000000760c00000, 0x0000000800000000)
  region size 2048K, 1 young (2048K), 1 survivors (2048K)
 Metaspace       used 72770K, committed 73344K, reserved 1114112K
  class space    used 9837K, committed 10112K, reserved 1048576K
}
Event: 13.855 GC heap before
{Heap before GC invocations=27 (full 0):
 garbage-first heap   total 133120K, used 109130K [0x0000000760c00000, 0x0000000800000000)
  region size 2048K, 37 young (75776K), 1 survivors (2048K)
 Metaspace       used 77369K, committed 77952K, reserved 1122304K
  class space    used 10522K, committed 10816K, reserved 1048576K
}
Event: 13.863 GC heap after
{Heap after GC invocations=28 (full 0):
 garbage-first heap   total 133120K, used 39995K [0x0000000760c00000, 0x0000000800000000)
  region size 2048K, 3 young (6144K), 3 survivors (6144K)
 Metaspace       used 77369K, committed 77952K, reserved 1122304K
  class space    used 10522K, committed 10816K, reserved 1048576K
}
Event: 14.524 GC heap before
{Heap before GC invocations=28 (full 0):
 garbage-first heap   total 133120K, used 107579K [0x0000000760c00000, 0x0000000800000000)
  region size 2048K, 36 young (73728K), 3 survivors (6144K)
 Metaspace       used 80680K, committed 81280K, reserved 1122304K
  class space    used 11016K, committed 11264K, reserved 1048576K
}
Event: 14.533 GC heap after
{Heap after GC invocations=29 (full 0):
 garbage-first heap   total 133120K, used 42317K [0x0000000760c00000, 0x0000000800000000)
  region size 2048K, 4 young (8192K), 4 survivors (8192K)
 Metaspace       used 80680K, committed 81280K, reserved 1122304K
  class space    used 11016K, committed 11264K, reserved 1048576K
}
Event: 15.045 GC heap before
{Heap before GC invocations=29 (full 0):
 garbage-first heap   total 133120K, used 103757K [0x0000000760c00000, 0x0000000800000000)
  region size 2048K, 35 young (71680K), 4 survivors (8192K)
 Metaspace       used 82864K, committed 83520K, reserved 1122304K
  class space    used 11298K, committed 11584K, reserved 1048576K
}

