# JRE version: OpenJDK Runtime Environment Temurin-17.0.5+8 (17.0.5+8) (build 17.0.5+8)
# Java VM: OpenJDK 64-Bit Server VM Temurin-17.0.5+8 (17.0.5+8, mixed mode, emulated-client, tiered, compressed oops, compressed class ptrs, g1 gc, windows-amd64)
GC Precious Log:
 CPUs: 4 total, 4 available
 Memory: 10186M
 Large Page Support: Disabled
 NUMA Support: Disabled
 Compressed Oops: Enabled (Zero based)
 Heap Region Size: 2M
 Heap Min Capacity: 8M
 Heap Initial Capacity: 160M
 Heap Max Capacity: 2548M
 Pre-touch: Disabled
 Parallel Workers: 4
 Concurrent Workers: 1
 Concurrent Refinement Workers: 4
 Periodic GC: Disabled
Heap:
 garbage-first heap   total 55296K, used 29289K [0x0000000760c00000, 0x0000000800000000)
  region size 2048K, 1 young (2048K), 1 survivors (2048K)
 Metaspace       used 49993K, committed 50560K, reserved 1097728K
  class space    used 6508K, committed 6784K, reserved 1048576K
GC Heap History (20 events):
Event: 14.783 GC heap after
{Heap after GC invocations=19 (full 0):
 garbage-first heap   total 49152K, used 28567K [0x0000000760c00000, 0x0000000800000000)
  region size 2048K, 1 young (2048K), 1 survivors (2048K)
 Metaspace       used 39552K, committed 39936K, reserved 1089536K
  class space    used 4937K, committed 5120K, reserved 1048576K
}
Event: 15.254 GC heap before
{Heap before GC invocations=19 (full 0):
 garbage-first heap   total 49152K, used 30615K [0x0000000760c00000, 0x0000000800000000)
  region size 2048K, 3 young (6144K), 1 survivors (2048K)
 Metaspace       used 39559K, committed 39936K, reserved 1089536K
  class space    used 4938K, committed 5120K, reserved 1048576K
}
Event: 15.256 GC heap after
{Heap after GC invocations=20 (full 0):
 garbage-first heap   total 49152K, used 28340K [0x0000000760c00000, 0x0000000800000000)
  region size 2048K, 1 young (2048K), 1 survivors (2048K)
 Metaspace       used 39559K, committed 39936K, reserved 1089536K
  class space    used 4938K, committed 5120K, reserved 1048576K
}
Event: 15.639 GC heap before
{Heap before GC invocations=21 (full 0):
 garbage-first heap   total 55296K, used 34484K [0x0000000760c00000, 0x0000000800000000)
  region size 2048K, 4 young (8192K), 1 survivors (2048K)
 Metaspace       used 39988K, committed 40448K, reserved 1089536K
  class space    used 4984K, committed 5184K, reserved 1048576K
}
Event: 15.643 GC heap after
{Heap after GC invocations=22 (full 0):
 garbage-first heap   total 55296K, used 28572K [0x0000000760c00000, 0x0000000800000000)
  region size 2048K, 1 young (2048K), 1 survivors (2048K)
 Metaspace       used 39988K, committed 40448K, reserved 1089536K
  class space    used 4984K, committed 5184K, reserved 1048576K
}
Event: 15.757 GC heap before
{Heap before GC invocations=22 (full 0):
 garbage-first heap   total 55296K, used 30620K [0x0000000760c00000, 0x0000000800000000)
  region size 2048K, 2 young (4096K), 1 survivors (2048K)
 Metaspace       used 40159K, committed 40576K, reserved 1089536K
  class space    used 5010K, committed 5184K, reserved 1048576K
}
Event: 15.763 GC heap after
{Heap after GC invocations=23 (full 0):
 garbage-first heap   total 55296K, used 24945K [0x0000000760c00000, 0x0000000800000000)
  region size 2048K, 1 young (2048K), 1 survivors (2048K)
 Metaspace       used 40159K, committed 40576K, reserved 1089536K
  class space    used 5010K, committed 5184K, reserved 1048576K
}
Event: 16.523 GC heap before
{Heap before GC invocations=23 (full 0):
 garbage-first heap   total 55296K, used 37233K [0x0000000760c00000, 0x0000000800000000)
  region size 2048K, 7 young (14336K), 1 survivors (2048K)
 Metaspace       used 41324K, committed 41792K, reserved 1089536K
  class space    used 5204K, committed 5440K, reserved 1048576K
}
Event: 16.529 GC heap after
{Heap after GC invocations=24 (full 0):
 garbage-first heap   total 55296K, used 25434K [0x0000000760c00000, 0x0000000800000000)
  region size 2048K, 1 young (2048K), 1 survivors (2048K)
 Metaspace       used 41324K, committed 41792K, reserved 1089536K
  class space    used 5204K, committed 5440K, reserved 1048576K
}
Event: 17.310 GC heap before
{Heap before GC invocations=24 (full 0):
 garbage-first heap   total 55296K, used 39770K [0x0000000760c00000, 0x0000000800000000)
  region size 2048K, 8 young (16384K), 1 survivors (2048K)
 Metaspace       used 41441K, committed 41984K, reserved 1089536K
  class space    used 5228K, committed 5504K, reserved 1048576K
}
Event: 17.315 GC heap after
{Heap after GC invocations=25 (full 0):
 garbage-first heap   total 55296K, used 26385K [0x0000000760c00000, 0x0000000800000000)
  region size 2048K, 1 young (2048K), 1 survivors (2048K)
 Metaspace       used 41441K, committed 41984K, reserved 1089536K
  class space    used 5228K, committed 5504K, reserved 1048576K
}
Event: 17.773 GC heap before
{Heap before GC invocations=25 (full 0):
 garbage-first heap   total 55296K, used 40721K [0x0000000760c00000, 0x0000000800000000)
  region size 2048K, 8 young (16384K), 1 survivors (2048K)
 Metaspace       used 43250K, committed 43776K, reserved 1089536K
  class space    used 5487K, committed 5760K, reserved 1048576K
}
Event: 17.777 GC heap after
{Heap after GC invocations=26 (full 0):
 garbage-first heap   total 55296K, used 26840K [0x0000000760c00000, 0x0000000800000000)
  region size 2048K, 1 young (2048K), 1 survivors (2048K)
 Metaspace       used 43250K, committed 43776K, reserved 1089536K
  class space    used 5487K, committed 5760K, reserved 1048576K
}
Event: 18.268 GC heap before
{Heap before GC invocations=26 (full 0):
 garbage-first heap   total 55296K, used 41176K [0x0000000760c00000, 0x0000000800000000)
  region size 2048K, 8 young (16384K), 1 survivors (2048K)
 Metaspace       used 45657K, committed 46144K, reserved 1089536K
  class space    used 5864K, committed 6080K, reserved 1048576K
}
Event: 18.271 GC heap after
{Heap after GC invocations=27 (full 0):
 garbage-first heap   total 55296K, used 27537K [0x0000000760c00000, 0x0000000800000000)
  region size 2048K, 1 young (2048K), 1 survivors (2048K)
 Metaspace       used 45657K, committed 46144K, reserved 1089536K
  class space    used 5864K, committed 6080K, reserved 1048576K
}
Event: 18.798 GC heap before
{Heap before GC invocations=28 (full 0):
 garbage-first heap   total 55296K, used 41873K [0x0000000760c00000, 0x0000000800000000)
  region size 2048K, 8 young (16384K), 1 survivors (2048K)
 Metaspace       used 48024K, committed 48512K, reserved 1097728K
  class space    used 6235K, committed 6464K, reserved 1048576K
}
Event: 18.802 GC heap after
{Heap after GC invocations=29 (full 0):
 garbage-first heap   total 55296K, used 28443K [0x0000000760c00000, 0x0000000800000000)
  region size 2048K, 1 young (2048K), 1 survivors (2048K)
 Metaspace       used 48024K, committed 48512K, reserved 1097728K
  class space    used 6235K, committed 6464K, reserved 1048576K
}
Event: 18.857 GC heap before
{Heap before GC invocations=29 (full 0):
 garbage-first heap   total 55296K, used 30491K [0x0000000760c00000, 0x0000000800000000)
  region size 2048K, 2 young (4096K), 1 survivors (2048K)
 Metaspace       used 48259K, committed 48768K, reserved 1097728K
  class space    used 6275K, committed 6528K, reserved 1048576K
}
Event: 18.861 GC heap after
{Heap after GC invocations=30 (full 0):
 garbage-first heap   total 55296K, used 27705K [0x0000000760c00000, 0x0000000800000000)
  region size 2048K, 1 young (2048K), 1 survivors (2048K)
 Metaspace       used 48259K, committed 48768K, reserved 1097728K
  class space    used 6275K, committed 6528K, reserved 1048576K
}
Event: 19.450 GC heap before
{Heap before GC invocations=30 (full 0):
 garbage-first heap   total 55296K, used 39993K [0x0000000760c00000, 0x0000000800000000)
  region size 2048K, 8 young (16384K), 1 survivors (2048K)
 Metaspace       used 49993K, committed 50560K, reserved 1097728K
  class space    used 6508K, committed 6784K, reserved 1048576K
}

