# JRE version: OpenJDK Runtime Environment Temurin-17.0.5+8 (17.0.5+8) (build 17.0.5+8)
# Java VM: OpenJDK 64-Bit Server VM Temurin-17.0.5+8 (17.0.5+8, mixed mode, emulated-client, tiered, compressed oops, compressed class ptrs, g1 gc, windows-amd64)
GC Precious Log:
 CPUs: 4 total, 4 available
 Memory: 10186M
 Large Page Support: Disabled
 NUMA Support: Disabled
 Compressed Oops: Enabled (Zero based)
 Heap Region Size: 2M
 Heap Min Capacity: 8M
 Heap Initial Capacity: 160M
 Heap Max Capacity: 2548M
 Pre-touch: Disabled
 Parallel Workers: 4
 Concurrent Workers: 1
 Concurrent Refinement Workers: 4
 Periodic GC: Disabled
Heap:
 garbage-first heap   total 192512K, used 187325K [0x0000000760c00000, 0x0000000800000000)
  region size 2048K, 11 young (22528K), 1 survivors (2048K)
 Metaspace       used 91430K, committed 92544K, reserved 1130496K
  class space    used 12761K, committed 13184K, reserved 1048576K
GC Heap History (20 events):
Event: 1143.390 GC heap before
{Heap before GC invocations=47 (full 0):
 garbage-first heap   total 245760K, used 53782K [0x0000000760c00000, 0x0000000800000000)
  region size 2048K, 3 young (6144K), 1 survivors (2048K)
 Metaspace       used 91367K, committed 92544K, reserved 1130496K
  class space    used 12750K, committed 13184K, reserved 1048576K
}
Event: 1143.392 GC heap after
{Heap after GC invocations=48 (full 0):
 garbage-first heap   total 245760K, used 51332K [0x0000000760c00000, 0x0000000800000000)
  region size 2048K, 1 young (2048K), 1 survivors (2048K)
 Metaspace       used 91367K, committed 92544K, reserved 1130496K
  class space    used 12750K, committed 13184K, reserved 1048576K
}
Event: 1154.939 GC heap before
{Heap before GC invocations=49 (full 0):
 garbage-first heap   total 219136K, used 209028K [0x0000000760c00000, 0x0000000800000000)
  region size 2048K, 10 young (20480K), 1 survivors (2048K)
 Metaspace       used 91377K, committed 92544K, reserved 1130496K
  class space    used 12751K, committed 13184K, reserved 1048576K
}
Event: 1154.944 GC heap after
{Heap after GC invocations=50 (full 0):
 garbage-first heap   total 219136K, used 51395K [0x0000000760c00000, 0x0000000800000000)
  region size 2048K, 1 young (2048K), 1 survivors (2048K)
 Metaspace       used 91377K, committed 92544K, reserved 1130496K
  class space    used 12751K, committed 13184K, reserved 1048576K
}
Event: 1278.170 GC heap before
{Heap before GC invocations=50 (full 0):
 garbage-first heap   total 219136K, used 63683K [0x0000000760c00000, 0x0000000800000000)
  region size 2048K, 5 young (10240K), 1 survivors (2048K)
 Metaspace       used 91430K, committed 92544K, reserved 1130496K
  class space    used 12761K, committed 13184K, reserved 1048576K
}
Event: 1278.174 GC heap after
{Heap after GC invocations=51 (full 0):
 garbage-first heap   total 219136K, used 55073K [0x0000000760c00000, 0x0000000800000000)
  region size 2048K, 1 young (2048K), 1 survivors (2048K)
 Metaspace       used 91430K, committed 92544K, reserved 1130496K
  class space    used 12761K, committed 13184K, reserved 1048576K
}
Event: 1278.186 GC heap before
{Heap before GC invocations=51 (full 0):
 garbage-first heap   total 219136K, used 55073K [0x0000000760c00000, 0x0000000800000000)
  region size 2048K, 2 young (4096K), 1 survivors (2048K)
 Metaspace       used 91430K, committed 92544K, reserved 1130496K
  class space    used 12761K, committed 13184K, reserved 1048576K
}
Event: 1278.188 GC heap after
{Heap after GC invocations=52 (full 0):
 garbage-first heap   total 219136K, used 55095K [0x0000000760c00000, 0x0000000800000000)
  region size 2048K, 1 young (2048K), 1 survivors (2048K)
 Metaspace       used 91430K, committed 92544K, reserved 1130496K
  class space    used 12761K, committed 13184K, reserved 1048576K
}
Event: 1284.381 GC heap before
{Heap before GC invocations=53 (full 0):
 garbage-first heap   total 227328K, used 218935K [0x0000000760c00000, 0x0000000800000000)
  region size 2048K, 11 young (22528K), 1 survivors (2048K)
 Metaspace       used 91430K, committed 92544K, reserved 1130496K
  class space    used 12761K, committed 13184K, reserved 1048576K
}
Event: 1284.383 GC heap after
{Heap after GC invocations=54 (full 0):
 garbage-first heap   total 227328K, used 59707K [0x0000000760c00000, 0x0000000800000000)
  region size 2048K, 1 young (2048K), 1 survivors (2048K)
 Metaspace       used 91430K, committed 92544K, reserved 1130496K
  class space    used 12761K, committed 13184K, reserved 1048576K
}
Event: 1333.459 GC heap before
{Heap before GC invocations=54 (full 0):
 garbage-first heap   total 227328K, used 123195K [0x0000000760c00000, 0x0000000800000000)
  region size 2048K, 5 young (10240K), 1 survivors (2048K)
 Metaspace       used 91430K, committed 92544K, reserved 1130496K
  class space    used 12761K, committed 13184K, reserved 1048576K
}
Event: 1333.463 GC heap after
{Heap after GC invocations=55 (full 0):
 garbage-first heap   total 227328K, used 58503K [0x0000000760c00000, 0x0000000800000000)
  region size 2048K, 1 young (2048K), 1 survivors (2048K)
 Metaspace       used 91430K, committed 92544K, reserved 1130496K
  class space    used 12761K, committed 13184K, reserved 1048576K
}
Event: 1333.464 GC heap before
{Heap before GC invocations=55 (full 0):
 garbage-first heap   total 227328K, used 58503K [0x0000000760c00000, 0x0000000800000000)
  region size 2048K, 2 young (4096K), 1 survivors (2048K)
 Metaspace       used 91430K, committed 92544K, reserved 1130496K
  class space    used 12761K, committed 13184K, reserved 1048576K
}
Event: 1333.466 GC heap after
{Heap after GC invocations=56 (full 0):
 garbage-first heap   total 227328K, used 58653K [0x0000000760c00000, 0x0000000800000000)
  region size 2048K, 1 young (2048K), 1 survivors (2048K)
 Metaspace       used 91430K, committed 92544K, reserved 1130496K
  class space    used 12761K, committed 13184K, reserved 1048576K
}
Event: 1338.137 GC heap before
{Heap before GC invocations=57 (full 0):
 garbage-first heap   total 227328K, used 216349K [0x0000000760c00000, 0x0000000800000000)
  region size 2048K, 12 young (24576K), 1 survivors (2048K)
 Metaspace       used 91430K, committed 92544K, reserved 1130496K
  class space    used 12761K, committed 13184K, reserved 1048576K
}
Event: 1338.139 GC heap after
{Heap after GC invocations=58 (full 0):
 garbage-first heap   total 227328K, used 54037K [0x0000000760c00000, 0x0000000800000000)
  region size 2048K, 1 young (2048K), 1 survivors (2048K)
 Metaspace       used 91430K, committed 92544K, reserved 1130496K
  class space    used 12761K, committed 13184K, reserved 1048576K
}
Event: 1356.333 GC heap before
{Heap before GC invocations=58 (full 0):
 garbage-first heap   total 227328K, used 142101K [0x0000000760c00000, 0x0000000800000000)
  region size 2048K, 5 young (10240K), 1 survivors (2048K)
 Metaspace       used 91430K, committed 92544K, reserved 1130496K
  class space    used 12761K, committed 13184K, reserved 1048576K
}
Event: 1356.339 GC heap after
{Heap after GC invocations=59 (full 0):
 garbage-first heap   total 227328K, used 48992K [0x0000000760c00000, 0x0000000800000000)
  region size 2048K, 1 young (2048K), 1 survivors (2048K)
 Metaspace       used 91430K, committed 92544K, reserved 1130496K
  class space    used 12761K, committed 13184K, reserved 1048576K
}
Event: 1356.378 GC heap before
{Heap before GC invocations=59 (full 0):
 garbage-first heap   total 227328K, used 48992K [0x0000000760c00000, 0x0000000800000000)
  region size 2048K, 2 young (4096K), 1 survivors (2048K)
 Metaspace       used 91430K, committed 92544K, reserved 1130496K
  class space    used 12761K, committed 13184K, reserved 1048576K
}
Event: 1356.380 GC heap after
{Heap after GC invocations=60 (full 0):
 garbage-first heap   total 227328K, used 48903K [0x0000000760c00000, 0x0000000800000000)
  region size 2048K, 1 young (2048K), 1 survivors (2048K)
 Metaspace       used 91430K, committed 92544K, reserved 1130496K
  class space    used 12761K, committed 13184K, reserved 1048576K
}

